# JRE version: OpenJDK Runtime Environment Temurin-21.0.10+7 (21.0.10+7) (build 21.0.10+7-LTS)
# Java VM: OpenJDK 64-Bit Server VM Temurin-21.0.10+7 (21.0.10+7-LTS, mixed mode, sharing, tiered, compressed oops, compressed class ptrs, parallel gc, windows-amd64)
GC Precious Log:
 CardTable entry size: 512
 CPUs: 8 total, 8 available
 Memory: 3822M
 Large Page Support: Disabled
 NUMA Support: Disabled
 Compressed Oops: Enabled (32-bit)
 Alignments: Space 512K, Generation 512K, Heap 2M
 Heap Min Capacity: 100M
 Heap Initial Capacity: 100M
 Heap Max Capacity: 2G
 Pre-touch: Disabled
 Parallel Workers: 8
Heap:
 PSYoungGen      total 14336K, used 11721K [0x00000000d5580000, 0x00000000d6800000, 0x0000000100000000)
  eden space 11264K, 100% used [0x00000000d5580000,0x00000000d6080000,0x00000000d6080000)
  from space 3072K, 14% used [0x00000000d6300000,0x00000000d6372400,0x00000000d6600000)
  to   space 1024K, 99% used [0x00000000d6700000,0x00000000d67ff6f8,0x00000000d6800000)
 ParOldGen       total 310784K, used 310287K [0x0000000080000000, 0x0000000092f80000, 0x00000000d5580000)
  object space 310784K, 99% used [0x0000000080000000,0x0000000092f03f50,0x0000000092f80000)
 Metaspace       used 82881K, committed 84416K, reserved 1179648K
  class space    used 8600K, committed 9280K, reserved 1048576K
GC Heap History (20 events):
Event: 205.792 GC heap after
{Heap after GC invocations=1670 (full 5):
 PSYoungGen      total 18432K, used 7661K [0x00000000d5580000, 0x00000000d6f80000, 0x0000000100000000)
  eden space 10240K, 0% used [0x00000000d5580000,0x00000000d5580000,0x00000000d5f80000)
  from space 8192K, 93% used [0x00000000d5f80000,0x00000000d66fb6b0,0x00000000d6780000)
  to   space 8192K, 0% used [0x00000000d6780000,0x00000000d6780000,0x00000000d6f80000)
 ParOldGen       total 268288K, used 267989K [0x0000000080000000, 0x0000000090600000, 0x00000000d5580000)
  object space 268288K, 99% used [0x0000000080000000,0x00000000905b55f0,0x0000000090600000)
 Metaspace       used 80983K, committed 82560K, reserved 1179648K
  class space    used 8350K, committed 9024K, reserved 1048576K
}
Event: 205.840 GC heap before
{Heap before GC invocations=1671 (full 5):
 PSYoungGen      total 18432K, used 17901K [0x00000000d5580000, 0x00000000d6f80000, 0x0000000100000000)
  eden space 10240K, 100% used [0x00000000d5580000,0x00000000d5f80000,0x00000000d5f80000)
  from space 8192K, 93% used [0x00000000d5f80000,0x00000000d66fb6b0,0x00000000d6780000)
  to   space 8192K, 0% used [0x00000000d6780000,0x00000000d6780000,0x00000000d6f80000)
 ParOldGen       total 268288K, used 267989K [0x0000000080000000, 0x0000000090600000, 0x00000000d5580000)
  object space 268288K, 99% used [0x0000000080000000,0x00000000905b55f0,0x0000000090600000)
 Metaspace       used 80991K, committed 82560K, reserved 1179648K
  class space    used 8350K, committed 9024K, reserved 1048576K
}
Event: 205.845 GC heap after
{Heap after GC invocations=1671 (full 5):
 PSYoungGen      total 19456K, used 6331K [0x00000000d5580000, 0x00000000d6f80000, 0x0000000100000000)
  eden space 11264K, 0% used [0x00000000d5580000,0x00000000d5580000,0x00000000d6080000)
  from space 8192K, 77% used [0x00000000d6780000,0x00000000d6daef10,0x00000000d6f80000)
  to   space 7168K, 0% used [0x00000000d6080000,0x00000000d6080000,0x00000000d6780000)
 ParOldGen       total 269312K, used 268919K [0x0000000080000000, 0x0000000090700000, 0x00000000d5580000)
  object space 269312K, 99% used [0x0000000080000000,0x000000009069dde0,0x0000000090700000)
 Metaspace       used 80991K, committed 82560K, reserved 1179648K
  class space    used 8350K, committed 9024K, reserved 1048576K
}
Event: 205.938 GC heap before
{Heap before GC invocations=1672 (full 5):
 PSYoungGen      total 19456K, used 17595K [0x00000000d5580000, 0x00000000d6f80000, 0x0000000100000000)
  eden space 11264K, 100% used [0x00000000d5580000,0x00000000d6080000,0x00000000d6080000)
  from space 8192K, 77% used [0x00000000d6780000,0x00000000d6daef10,0x00000000d6f80000)
  to   space 7168K, 0% used [0x00000000d6080000,0x00000000d6080000,0x00000000d6780000)
 ParOldGen       total 269312K, used 268919K [0x0000000080000000, 0x0000000090700000, 0x00000000d5580000)
  object space 269312K, 99% used [0x0000000080000000,0x000000009069dde0,0x0000000090700000)
 Metaspace       used 81106K, committed 82624K, reserved 1179648K
  class space    used 8358K, committed 9024K, reserved 1048576K
}
Event: 205.940 GC heap after
{Heap after GC invocations=1672 (full 5):
 PSYoungGen      total 11776K, used 288K [0x00000000d5580000, 0x00000000d6800000, 0x0000000100000000)
  eden space 11264K, 0% used [0x00000000d5580000,0x00000000d5580000,0x00000000d6080000)
  from space 512K, 56% used [0x00000000d6080000,0x00000000d60c8000,0x00000000d6100000)
  to   space 3072K, 0% used [0x00000000d6500000,0x00000000d6500000,0x00000000d6800000)
 ParOldGen       total 269312K, used 269039K [0x0000000080000000, 0x0000000090700000, 0x00000000d5580000)
  object space 269312K, 99% used [0x0000000080000000,0x00000000906bbde0,0x0000000090700000)
 Metaspace       used 81106K, committed 82624K, reserved 1179648K
  class space    used 8358K, committed 9024K, reserved 1048576K
}
Event: 206.068 GC heap before
{Heap before GC invocations=1673 (full 5):
 PSYoungGen      total 11776K, used 11514K [0x00000000d5580000, 0x00000000d6800000, 0x0000000100000000)
  eden space 11264K, 99% used [0x00000000d5580000,0x00000000d6076b00,0x00000000d6080000)
  from space 512K, 56% used [0x00000000d6080000,0x00000000d60c8000,0x00000000d6100000)
  to   space 3072K, 0% used [0x00000000d6500000,0x00000000d6500000,0x00000000d6800000)
 ParOldGen       total 269312K, used 269039K [0x0000000080000000, 0x0000000090700000, 0x00000000d5580000)
  object space 269312K, 99% used [0x0000000080000000,0x00000000906bbde0,0x0000000090700000)
 Metaspace       used 81910K, committed 83520K, reserved 1179648K
  class space    used 8456K, committed 9152K, reserved 1048576K
}
Event: 206.069 GC heap after
{Heap after GC invocations=1673 (full 5):
 PSYoungGen      total 12288K, used 818K [0x00000000d5580000, 0x00000000d6600000, 0x0000000100000000)
  eden space 11264K, 0% used [0x00000000d5580000,0x00000000d5580000,0x00000000d6080000)
  from space 1024K, 79% used [0x00000000d6500000,0x00000000d65cc998,0x00000000d6600000)
  to   space 1024K, 0% used [0x00000000d6400000,0x00000000d6400000,0x00000000d6500000)
 ParOldGen       total 269312K, used 269139K [0x0000000080000000, 0x0000000090700000, 0x00000000d5580000)
  object space 269312K, 99% used [0x0000000080000000,0x00000000906d4e70,0x0000000090700000)
 Metaspace       used 81910K, committed 83520K, reserved 1179648K
  class space    used 8456K, committed 9152K, reserved 1048576K
}
Event: 208.710 GC heap before
{Heap before GC invocations=1674 (full 5):
 PSYoungGen      total 12288K, used 12082K [0x00000000d5580000, 0x00000000d6600000, 0x0000000100000000)
  eden space 11264K, 100% used [0x00000000d5580000,0x00000000d6080000,0x00000000d6080000)
  from space 1024K, 79% used [0x00000000d6500000,0x00000000d65cc998,0x00000000d6600000)
  to   space 1024K, 0% used [0x00000000d6400000,0x00000000d6400000,0x00000000d6500000)
 ParOldGen       total 269312K, used 269139K [0x0000000080000000, 0x0000000090700000, 0x00000000d5580000)
  object space 269312K, 99% used [0x0000000080000000,0x00000000906d4e70,0x0000000090700000)
 Metaspace       used 82568K, committed 84160K, reserved 1179648K
  class space    used 8573K, committed 9280K, reserved 1048576K
}
Event: 208.711 GC heap after
{Heap after GC invocations=1674 (full 5):
 PSYoungGen      total 12288K, used 926K [0x00000000d5580000, 0x00000000d6580000, 0x0000000100000000)
  eden space 11264K, 0% used [0x00000000d5580000,0x00000000d5580000,0x00000000d6080000)
  from space 1024K, 90% used [0x00000000d6400000,0x00000000d64e7b10,0x00000000d6500000)
  to   space 512K, 0% used [0x00000000d6500000,0x00000000d6500000,0x00000000d6580000)
 ParOldGen       total 269824K, used 269721K [0x0000000080000000, 0x0000000090780000, 0x00000000d5580000)
  object space 269824K, 99% used [0x0000000080000000,0x0000000090766788,0x0000000090780000)
 Metaspace       used 82568K, committed 84160K, reserved 1179648K
  class space    used 8573K, committed 9280K, reserved 1048576K
}
Event: 208.901 GC heap before
{Heap before GC invocations=1675 (full 5):
 PSYoungGen      total 12288K, used 12190K [0x00000000d5580000, 0x00000000d6580000, 0x0000000100000000)
  eden space 11264K, 99% used [0x00000000d5580000,0x00000000d607ffe0,0x00000000d6080000)
  from space 1024K, 90% used [0x00000000d6400000,0x00000000d64e7b10,0x00000000d6500000)
  to   space 512K, 0% used [0x00000000d6500000,0x00000000d6500000,0x00000000d6580000)
 ParOldGen       total 269824K, used 269721K [0x0000000080000000, 0x0000000090780000, 0x00000000d5580000)
  object space 269824K, 99% used [0x0000000080000000,0x0000000090766788,0x0000000090780000)
 Metaspace       used 82620K, committed 84160K, reserved 1179648K
  class space    used 8574K, committed 9280K, reserved 1048576K
}
Event: 208.904 GC heap after
{Heap after GC invocations=1675 (full 5):
 PSYoungGen      total 11776K, used 489K [0x00000000d5580000, 0x00000000d6580000, 0x0000000100000000)
  eden space 11264K, 0% used [0x00000000d5580000,0x00000000d5580000,0x00000000d6080000)
  from space 512K, 95% used [0x00000000d6500000,0x00000000d657a440,0x00000000d6580000)
  to   space 2048K, 0% used [0x00000000d6180000,0x00000000d6180000,0x00000000d6380000)
 ParOldGen       total 271360K, used 271015K [0x0000000080000000, 0x0000000090900000, 0x00000000d5580000)
  object space 271360K, 99% used [0x0000000080000000,0x00000000908a9dc8,0x0000000090900000)
 Metaspace       used 82620K, committed 84160K, reserved 1179648K
  class space    used 8574K, committed 9280K, reserved 1048576K
}
Event: 208.932 GC heap before
{Heap before GC invocations=1676 (full 5):
 PSYoungGen      total 11776K, used 11753K [0x00000000d5580000, 0x00000000d6580000, 0x0000000100000000)
  eden space 11264K, 100% used [0x00000000d5580000,0x00000000d6080000,0x00000000d6080000)
  from space 512K, 95% used [0x00000000d6500000,0x00000000d657a440,0x00000000d6580000)
  to   space 2048K, 0% used [0x00000000d6180000,0x00000000d6180000,0x00000000d6380000)
 ParOldGen       total 271360K, used 271015K [0x0000000080000000, 0x0000000090900000, 0x00000000d5580000)
  object space 271360K, 99% used [0x0000000080000000,0x00000000908a9dc8,0x0000000090900000)
 Metaspace       used 82736K, committed 84288K, reserved 1179648K
  class space    used 8586K, committed 9280K, reserved 1048576K
}
Event: 208.936 GC heap after
{Heap after GC invocations=1676 (full 5):
 PSYoungGen      total 13312K, used 2041K [0x00000000d5580000, 0x00000000d6e80000, 0x0000000100000000)
  eden space 11264K, 0% used [0x00000000d5580000,0x00000000d5580000,0x00000000d6080000)
  from space 2048K, 99% used [0x00000000d6180000,0x00000000d637e4f0,0x00000000d6380000)
  to   space 7168K, 0% used [0x00000000d6780000,0x00000000d6780000,0x00000000d6e80000)
 ParOldGen       total 275456K, used 275098K [0x0000000080000000, 0x0000000090d00000, 0x00000000d5580000)
  object space 275456K, 99% used [0x0000000080000000,0x0000000090ca68f8,0x0000000090d00000)
 Metaspace       used 82736K, committed 84288K, reserved 1179648K
  class space    used 8586K, committed 9280K, reserved 1048576K
}
Event: 209.018 GC heap before
{Heap before GC invocations=1677 (full 5):
 PSYoungGen      total 13312K, used 13305K [0x00000000d5580000, 0x00000000d6e80000, 0x0000000100000000)
  eden space 11264K, 100% used [0x00000000d5580000,0x00000000d6080000,0x00000000d6080000)
  from space 2048K, 99% used [0x00000000d6180000,0x00000000d637e4f0,0x00000000d6380000)
  to   space 7168K, 0% used [0x00000000d6780000,0x00000000d6780000,0x00000000d6e80000)
 ParOldGen       total 275456K, used 275098K [0x0000000080000000, 0x0000000090d00000, 0x00000000d5580000)
  object space 275456K, 99% used [0x0000000080000000,0x0000000090ca68f8,0x0000000090d00000)
 Metaspace       used 82819K, committed 84352K, reserved 1179648K
  class space    used 8594K, committed 9280K, reserved 1048576K
}
Event: 209.020 GC heap after
{Heap after GC invocations=1677 (full 5):
 PSYoungGen      total 12800K, used 1065K [0x00000000d5580000, 0x00000000d6900000, 0x0000000100000000)
  eden space 11264K, 0% used [0x00000000d5580000,0x00000000d5580000,0x00000000d6080000)
  from space 1536K, 69% used [0x00000000d6780000,0x00000000d688a420,0x00000000d6900000)
  to   space 3072K, 0% used [0x00000000d6300000,0x00000000d6300000,0x00000000d6600000)
 ParOldGen       total 275456K, used 275242K [0x0000000080000000, 0x0000000090d00000, 0x00000000d5580000)
  object space 275456K, 99% used [0x0000000080000000,0x0000000090cca8f8,0x0000000090d00000)
 Metaspace       used 82819K, committed 84352K, reserved 1179648K
  class space    used 8594K, committed 9280K, reserved 1048576K
}
Event: 209.094 GC heap before
{Heap before GC invocations=1678 (full 5):
 PSYoungGen      total 12800K, used 12329K [0x00000000d5580000, 0x00000000d6900000, 0x0000000100000000)
  eden space 11264K, 100% used [0x00000000d5580000,0x00000000d6080000,0x00000000d6080000)
  from space 1536K, 69% used [0x00000000d6780000,0x00000000d688a420,0x00000000d6900000)
  to   space 3072K, 0% used [0x00000000d6300000,0x00000000d6300000,0x00000000d6600000)
 ParOldGen       total 283648K, used 282922K [0x0000000080000000, 0x0000000091500000, 0x00000000d5580000)
  object space 283648K, 99% used [0x0000000080000000,0x000000009144a908,0x0000000091500000)
 Metaspace       used 82868K, committed 84416K, reserved 1179648K
  class space    used 8600K, committed 9280K, reserved 1048576K
}
Event: 209.098 GC heap after
{Heap after GC invocations=1678 (full 5):
 PSYoungGen      total 14336K, used 457K [0x00000000d5580000, 0x00000000d6800000, 0x0000000100000000)
  eden space 11264K, 0% used [0x00000000d5580000,0x00000000d5580000,0x00000000d6080000)
  from space 3072K, 14% used [0x00000000d6300000,0x00000000d6372400,0x00000000d6600000)
  to   space 1024K, 0% used [0x00000000d6700000,0x00000000d6700000,0x00000000d6800000)
 ParOldGen       total 283648K, used 283506K [0x0000000080000000, 0x0000000091500000, 0x00000000d5580000)
  object space 283648K, 99% used [0x0000000080000000,0x00000000914dc928,0x0000000091500000)
 Metaspace       used 82868K, committed 84416K, reserved 1179648K
  class space    used 8600K, committed 9280K, reserved 1048576K
}
Event: 209.188 GC heap before
{Heap before GC invocations=1679 (full 5):
 PSYoungGen      total 14336K, used 11721K [0x00000000d5580000, 0x00000000d6800000, 0x0000000100000000)
  eden space 11264K, 100% used [0x00000000d5580000,0x00000000d6080000,0x00000000d6080000)
  from space 3072K, 14% used [0x00000000d6300000,0x00000000d6372400,0x00000000d6600000)
  to   space 1024K, 0% used [0x00000000d6700000,0x00000000d6700000,0x00000000d6800000)
 ParOldGen       total 307200K, used 306546K [0x0000000080000000, 0x0000000092c00000, 0x00000000d5580000)
  object space 307200K, 99% used [0x0000000080000000,0x0000000092b5c948,0x0000000092c00000)
 Metaspace       used 82881K, committed 84416K, reserved 1179648K
  class space    used 8600K, committed 9280K, reserved 1048576K
}
Event: 209.193 GC heap after
{Heap after GC invocations=1679 (full 5):
 PSYoungGen      total 14336K, used 11721K [0x00000000d5580000, 0x00000000d6800000, 0x0000000100000000)
  eden space 11264K, 100% used [0x00000000d5580000,0x00000000d6080000,0x00000000d6080000)
  from space 3072K, 14% used [0x00000000d6300000,0x00000000d6372400,0x00000000d6600000)
  to   space 1024K, 99% used [0x00000000d6700000,0x00000000d67ff6f8,0x00000000d6800000)
 ParOldGen       total 310784K, used 310287K [0x0000000080000000, 0x0000000092f80000, 0x00000000d5580000)
  object space 310784K, 99% used [0x0000000080000000,0x0000000092f03f50,0x0000000092f80000)
 Metaspace       used 82881K, committed 84416K, reserved 1179648K
  class space    used 8600K, committed 9280K, reserved 1048576K
}
Event: 209.193 GC heap before
{Heap before GC invocations=1680 (full 6):
 PSYoungGen      total 14336K, used 11721K [0x00000000d5580000, 0x00000000d6800000, 0x0000000100000000)
  eden space 11264K, 100% used [0x00000000d5580000,0x00000000d6080000,0x00000000d6080000)
  from space 3072K, 14% used [0x00000000d6300000,0x00000000d6372400,0x00000000d6600000)
  to   space 1024K, 99% used [0x00000000d6700000,0x00000000d67ff6f8,0x00000000d6800000)
 ParOldGen       total 310784K, used 310287K [0x0000000080000000, 0x0000000092f80000, 0x00000000d5580000)
  object space 310784K, 99% used [0x0000000080000000,0x0000000092f03f50,0x0000000092f80000)
 Metaspace       used 82881K, committed 84416K, reserved 1179648K
  class space    used 8600K, committed 9280K, reserved 1048576K
}

