# JRE version: OpenJDK Runtime Environment Temurin-21.0.10+7 (21.0.10+7) (build 21.0.10+7-LTS)
# Java VM: OpenJDK 64-Bit Server VM Temurin-21.0.10+7 (21.0.10+7-LTS, mixed mode, sharing, tiered, compressed oops, compressed class ptrs, parallel gc, windows-amd64)
GC Precious Log:
 CardTable entry size: 512
 CPUs: 8 total, 8 available
 Memory: 3822M
 Large Page Support: Disabled
 NUMA Support: Disabled
 Compressed Oops: Enabled (32-bit)
 Alignments: Space 512K, Generation 512K, Heap 2M
 Heap Min Capacity: 100M
 Heap Initial Capacity: 100M
 Heap Max Capacity: 2G
 Pre-touch: Disabled
 Parallel Workers: 8
Heap:
 PSYoungGen      total 3072K, used 1409K [0x00000000d5580000, 0x00000000d5a80000, 0x0000000100000000)
  eden space 2560K, 38% used [0x00000000d5580000,0x00000000d5678608,0x00000000d5800000)
  from space 512K, 81% used [0x00000000d5a00000,0x00000000d5a68000,0x00000000d5a80000)
  to   space 512K, 0% used [0x00000000d5980000,0x00000000d5980000,0x00000000d5a00000)
 ParOldGen       total 325120K, used 325086K [0x0000000080000000, 0x0000000093d80000, 0x00000000d5580000)
  object space 325120K, 99% used [0x0000000080000000,0x0000000093d77a28,0x0000000093d80000)
 Metaspace       used 66223K, committed 67840K, reserved 1114112K
  class space    used 6961K, committed 7680K, reserved 1048576K
GC Heap History (20 events):
Event: 17.705 GC heap before
{Heap before GC invocations=757 (full 3):
 PSYoungGen      total 5632K, used 5312K [0x00000000d5580000, 0x00000000d5c00000, 0x0000000100000000)
  eden space 4608K, 100% used [0x00000000d5580000,0x00000000d5a00000,0x00000000d5a00000)
  from space 1024K, 68% used [0x00000000d5a00000,0x00000000d5ab0000,0x00000000d5b00000)
  to   space 1024K, 0% used [0x00000000d5b00000,0x00000000d5b00000,0x00000000d5c00000)
 ParOldGen       total 319488K, used 318986K [0x0000000080000000, 0x0000000093800000, 0x00000000d5580000)
  object space 319488K, 99% used [0x0000000080000000,0x0000000093782920,0x0000000093800000)
 Metaspace       used 66222K, committed 67840K, reserved 1114112K
  class space    used 6961K, committed 7680K, reserved 1048576K
}
Event: 17.707 GC heap after
{Heap after GC invocations=757 (full 3):
 PSYoungGen      total 5632K, used 672K [0x00000000d5580000, 0x00000000d5c00000, 0x0000000100000000)
  eden space 4608K, 0% used [0x00000000d5580000,0x00000000d5580000,0x00000000d5a00000)
  from space 1024K, 65% used [0x00000000d5b00000,0x00000000d5ba8000,0x00000000d5c00000)
  to   space 1024K, 0% used [0x00000000d5a00000,0x00000000d5a00000,0x00000000d5b00000)
 ParOldGen       total 320000K, used 319554K [0x0000000080000000, 0x0000000093880000, 0x00000000d5580000)
  object space 320000K, 99% used [0x0000000080000000,0x0000000093810920,0x0000000093880000)
 Metaspace       used 66222K, committed 67840K, reserved 1114112K
  class space    used 6961K, committed 7680K, reserved 1048576K
}
Event: 17.722 GC heap before
{Heap before GC invocations=758 (full 3):
 PSYoungGen      total 5632K, used 5280K [0x00000000d5580000, 0x00000000d5c00000, 0x0000000100000000)
  eden space 4608K, 100% used [0x00000000d5580000,0x00000000d5a00000,0x00000000d5a00000)
  from space 1024K, 65% used [0x00000000d5b00000,0x00000000d5ba8000,0x00000000d5c00000)
  to   space 1024K, 0% used [0x00000000d5a00000,0x00000000d5a00000,0x00000000d5b00000)
 ParOldGen       total 320000K, used 319554K [0x0000000080000000, 0x0000000093880000, 0x00000000d5580000)
  object space 320000K, 99% used [0x0000000080000000,0x0000000093810920,0x0000000093880000)
 Metaspace       used 66222K, committed 67840K, reserved 1114112K
  class space    used 6961K, committed 7680K, reserved 1048576K
}
Event: 17.724 GC heap after
{Heap after GC invocations=758 (full 3):
 PSYoungGen      total 5632K, used 640K [0x00000000d5580000, 0x00000000d5c00000, 0x0000000100000000)
  eden space 4608K, 0% used [0x00000000d5580000,0x00000000d5580000,0x00000000d5a00000)
  from space 1024K, 62% used [0x00000000d5a00000,0x00000000d5aa0000,0x00000000d5b00000)
  to   space 1024K, 0% used [0x00000000d5b00000,0x00000000d5b00000,0x00000000d5c00000)
 ParOldGen       total 320512K, used 320146K [0x0000000080000000, 0x0000000093900000, 0x00000000d5580000)
  object space 320512K, 99% used [0x0000000080000000,0x00000000938a4920,0x0000000093900000)
 Metaspace       used 66222K, committed 67840K, reserved 1114112K
  class space    used 6961K, committed 7680K, reserved 1048576K
}
Event: 17.734 GC heap before
{Heap before GC invocations=759 (full 3):
 PSYoungGen      total 5632K, used 5248K [0x00000000d5580000, 0x00000000d5c00000, 0x0000000100000000)
  eden space 4608K, 100% used [0x00000000d5580000,0x00000000d5a00000,0x00000000d5a00000)
  from space 1024K, 62% used [0x00000000d5a00000,0x00000000d5aa0000,0x00000000d5b00000)
  to   space 1024K, 0% used [0x00000000d5b00000,0x00000000d5b00000,0x00000000d5c00000)
 ParOldGen       total 320512K, used 320146K [0x0000000080000000, 0x0000000093900000, 0x00000000d5580000)
  object space 320512K, 99% used [0x0000000080000000,0x00000000938a4920,0x0000000093900000)
 Metaspace       used 66222K, committed 67840K, reserved 1114112K
  class space    used 6961K, committed 7680K, reserved 1048576K
}
Event: 17.736 GC heap after
{Heap after GC invocations=759 (full 3):
 PSYoungGen      total 5632K, used 640K [0x00000000d5580000, 0x00000000d5c00000, 0x0000000100000000)
  eden space 4608K, 0% used [0x00000000d5580000,0x00000000d5580000,0x00000000d5a00000)
  from space 1024K, 62% used [0x00000000d5b00000,0x00000000d5ba0000,0x00000000d5c00000)
  to   space 1024K, 0% used [0x00000000d5a00000,0x00000000d5a00000,0x00000000d5b00000)
 ParOldGen       total 321024K, used 320703K [0x0000000080000000, 0x0000000093980000, 0x00000000d5580000)
  object space 321024K, 99% used [0x0000000080000000,0x000000009392ff30,0x0000000093980000)
 Metaspace       used 66222K, committed 67840K, reserved 1114112K
  class space    used 6961K, committed 7680K, reserved 1048576K
}
Event: 17.753 GC heap before
{Heap before GC invocations=760 (full 3):
 PSYoungGen      total 5632K, used 5248K [0x00000000d5580000, 0x00000000d5c00000, 0x0000000100000000)
  eden space 4608K, 100% used [0x00000000d5580000,0x00000000d5a00000,0x00000000d5a00000)
  from space 1024K, 62% used [0x00000000d5b00000,0x00000000d5ba0000,0x00000000d5c00000)
  to   space 1024K, 0% used [0x00000000d5a00000,0x00000000d5a00000,0x00000000d5b00000)
 ParOldGen       total 321024K, used 320703K [0x0000000080000000, 0x0000000093980000, 0x00000000d5580000)
  object space 321024K, 99% used [0x0000000080000000,0x000000009392ff30,0x0000000093980000)
 Metaspace       used 66222K, committed 67840K, reserved 1114112K
  class space    used 6961K, committed 7680K, reserved 1048576K
}
Event: 17.754 GC heap after
{Heap after GC invocations=760 (full 3):
 PSYoungGen      total 5632K, used 824K [0x00000000d5580000, 0x00000000d5c00000, 0x0000000100000000)
  eden space 4608K, 0% used [0x00000000d5580000,0x00000000d5580000,0x00000000d5a00000)
  from space 1024K, 80% used [0x00000000d5a00000,0x00000000d5ace008,0x00000000d5b00000)
  to   space 1024K, 0% used [0x00000000d5b00000,0x00000000d5b00000,0x00000000d5c00000)
 ParOldGen       total 321536K, used 321207K [0x0000000080000000, 0x0000000093a00000, 0x00000000d5580000)
  object space 321536K, 99% used [0x0000000080000000,0x00000000939adf30,0x0000000093a00000)
 Metaspace       used 66222K, committed 67840K, reserved 1114112K
  class space    used 6961K, committed 7680K, reserved 1048576K
}
Event: 17.776 GC heap before
{Heap before GC invocations=761 (full 3):
 PSYoungGen      total 5632K, used 5432K [0x00000000d5580000, 0x00000000d5c00000, 0x0000000100000000)
  eden space 4608K, 100% used [0x00000000d5580000,0x00000000d5a00000,0x00000000d5a00000)
  from space 1024K, 80% used [0x00000000d5a00000,0x00000000d5ace008,0x00000000d5b00000)
  to   space 1024K, 0% used [0x00000000d5b00000,0x00000000d5b00000,0x00000000d5c00000)
 ParOldGen       total 321536K, used 321207K [0x0000000080000000, 0x0000000093a00000, 0x00000000d5580000)
  object space 321536K, 99% used [0x0000000080000000,0x00000000939adf30,0x0000000093a00000)
 Metaspace       used 66222K, committed 67840K, reserved 1114112K
  class space    used 6961K, committed 7680K, reserved 1048576K
}
Event: 17.778 GC heap after
{Heap after GC invocations=761 (full 3):
 PSYoungGen      total 3584K, used 997K [0x00000000d5580000, 0x00000000d6000000, 0x0000000100000000)
  eden space 2560K, 0% used [0x00000000d5580000,0x00000000d5580000,0x00000000d5800000)
  from space 1024K, 97% used [0x00000000d5b00000,0x00000000d5bf9640,0x00000000d5c00000)
  to   space 3072K, 0% used [0x00000000d5800000,0x00000000d5800000,0x00000000d5b00000)
 ParOldGen       total 323072K, used 322562K [0x0000000080000000, 0x0000000093b80000, 0x00000000d5580000)
  object space 323072K, 99% used [0x0000000080000000,0x0000000093b008e0,0x0000000093b80000)
 Metaspace       used 66222K, committed 67840K, reserved 1114112K
  class space    used 6961K, committed 7680K, reserved 1048576K
}
Event: 17.818 GC heap before
{Heap before GC invocations=762 (full 3):
 PSYoungGen      total 3584K, used 3557K [0x00000000d5580000, 0x00000000d6000000, 0x0000000100000000)
  eden space 2560K, 100% used [0x00000000d5580000,0x00000000d5800000,0x00000000d5800000)
  from space 1024K, 97% used [0x00000000d5b00000,0x00000000d5bf9640,0x00000000d5c00000)
  to   space 3072K, 0% used [0x00000000d5800000,0x00000000d5800000,0x00000000d5b00000)
 ParOldGen       total 323072K, used 322562K [0x0000000080000000, 0x0000000093b80000, 0x00000000d5580000)
  object space 323072K, 99% used [0x0000000080000000,0x0000000093b008e0,0x0000000093b80000)
 Metaspace       used 66222K, committed 67840K, reserved 1114112K
  class space    used 6961K, committed 7680K, reserved 1048576K
}
Event: 17.820 GC heap after
{Heap after GC invocations=762 (full 3):
 PSYoungGen      total 3584K, used 565K [0x00000000d5580000, 0x00000000d5b80000, 0x0000000100000000)
  eden space 2560K, 0% used [0x00000000d5580000,0x00000000d5580000,0x00000000d5800000)
  from space 1024K, 55% used [0x00000000d5800000,0x00000000d588d590,0x00000000d5900000)
  to   space 1536K, 0% used [0x00000000d5a00000,0x00000000d5a00000,0x00000000d5b80000)
 ParOldGen       total 323072K, used 322874K [0x0000000080000000, 0x0000000093b80000, 0x00000000d5580000)
  object space 323072K, 99% used [0x0000000080000000,0x0000000093b4e8e0,0x0000000093b80000)
 Metaspace       used 66222K, committed 67840K, reserved 1114112K
  class space    used 6961K, committed 7680K, reserved 1048576K
}
Event: 17.828 GC heap before
{Heap before GC invocations=763 (full 3):
 PSYoungGen      total 3584K, used 3125K [0x00000000d5580000, 0x00000000d5b80000, 0x0000000100000000)
  eden space 2560K, 100% used [0x00000000d5580000,0x00000000d5800000,0x00000000d5800000)
  from space 1024K, 55% used [0x00000000d5800000,0x00000000d588d590,0x00000000d5900000)
  to   space 1536K, 0% used [0x00000000d5a00000,0x00000000d5a00000,0x00000000d5b80000)
 ParOldGen       total 323072K, used 322874K [0x0000000080000000, 0x0000000093b80000, 0x00000000d5580000)
  object space 323072K, 99% used [0x0000000080000000,0x0000000093b4e8e0,0x0000000093b80000)
 Metaspace       used 66222K, committed 67840K, reserved 1114112K
  class space    used 6961K, committed 7680K, reserved 1048576K
}
Event: 17.830 GC heap after
{Heap after GC invocations=763 (full 3):
 PSYoungGen      total 3072K, used 475K [0x00000000d5580000, 0x00000000d5a80000, 0x0000000100000000)
  eden space 2560K, 0% used [0x00000000d5580000,0x00000000d5580000,0x00000000d5800000)
  from space 512K, 92% used [0x00000000d5a00000,0x00000000d5a76c08,0x00000000d5a80000)
  to   space 1024K, 0% used [0x00000000d5880000,0x00000000d5880000,0x00000000d5980000)
 ParOldGen       total 323584K, used 323309K [0x0000000080000000, 0x0000000093c00000, 0x00000000d5580000)
  object space 323584K, 99% used [0x0000000080000000,0x0000000093bbb618,0x0000000093c00000)
 Metaspace       used 66222K, committed 67840K, reserved 1114112K
  class space    used 6961K, committed 7680K, reserved 1048576K
}
Event: 17.837 GC heap before
{Heap before GC invocations=764 (full 3):
 PSYoungGen      total 3072K, used 3033K [0x00000000d5580000, 0x00000000d5a80000, 0x0000000100000000)
  eden space 2560K, 99% used [0x00000000d5580000,0x00000000d57ff9f8,0x00000000d5800000)
  from space 512K, 92% used [0x00000000d5a00000,0x00000000d5a76c08,0x00000000d5a80000)
  to   space 1024K, 0% used [0x00000000d5880000,0x00000000d5880000,0x00000000d5980000)
 ParOldGen       total 323584K, used 323309K [0x0000000080000000, 0x0000000093c00000, 0x00000000d5580000)
  object space 323584K, 99% used [0x0000000080000000,0x0000000093bbb618,0x0000000093c00000)
 Metaspace       used 66222K, committed 67840K, reserved 1114112K
  class space    used 6961K, committed 7680K, reserved 1048576K
}
Event: 17.839 GC heap after
{Heap after GC invocations=764 (full 3):
 PSYoungGen      total 3584K, used 416K [0x00000000d5580000, 0x00000000d5a80000, 0x0000000100000000)
  eden space 2560K, 0% used [0x00000000d5580000,0x00000000d5580000,0x00000000d5800000)
  from space 1024K, 40% used [0x00000000d5880000,0x00000000d58e8000,0x00000000d5980000)
  to   space 512K, 0% used [0x00000000d5a00000,0x00000000d5a00000,0x00000000d5a80000)
 ParOldGen       total 324096K, used 323688K [0x0000000080000000, 0x0000000093c80000, 0x00000000d5580000)
  object space 324096K, 99% used [0x0000000080000000,0x0000000093c1a220,0x0000000093c80000)
 Metaspace       used 66222K, committed 67840K, reserved 1114112K
  class space    used 6961K, committed 7680K, reserved 1048576K
}
Event: 17.846 GC heap before
{Heap before GC invocations=765 (full 3):
 PSYoungGen      total 3584K, used 2975K [0x00000000d5580000, 0x00000000d5a80000, 0x0000000100000000)
  eden space 2560K, 99% used [0x00000000d5580000,0x00000000d57fff98,0x00000000d5800000)
  from space 1024K, 40% used [0x00000000d5880000,0x00000000d58e8000,0x00000000d5980000)
  to   space 512K, 0% used [0x00000000d5a00000,0x00000000d5a00000,0x00000000d5a80000)
 ParOldGen       total 324096K, used 323688K [0x0000000080000000, 0x0000000093c80000, 0x00000000d5580000)
  object space 324096K, 99% used [0x0000000080000000,0x0000000093c1a220,0x0000000093c80000)
 Metaspace       used 66222K, committed 67840K, reserved 1114112K
  class space    used 6961K, committed 7680K, reserved 1048576K
}
Event: 17.847 GC heap after
{Heap after GC invocations=765 (full 3):
 PSYoungGen      total 3072K, used 374K [0x00000000d5580000, 0x00000000d5a80000, 0x0000000100000000)
  eden space 2560K, 0% used [0x00000000d5580000,0x00000000d5580000,0x00000000d5800000)
  from space 512K, 73% used [0x00000000d5a00000,0x00000000d5a5d808,0x00000000d5a80000)
  to   space 512K, 0% used [0x00000000d5980000,0x00000000d5980000,0x00000000d5a00000)
 ParOldGen       total 324096K, used 324032K [0x0000000080000000, 0x0000000093c80000, 0x00000000d5580000)
  object space 324096K, 99% used [0x0000000080000000,0x0000000093c70220,0x0000000093c80000)
 Metaspace       used 66222K, committed 67840K, reserved 1114112K
  class space    used 6961K, committed 7680K, reserved 1048576K
}
Event: 17.854 GC heap before
{Heap before GC invocations=766 (full 3):
 PSYoungGen      total 3072K, used 2934K [0x00000000d5580000, 0x00000000d5a80000, 0x0000000100000000)
  eden space 2560K, 100% used [0x00000000d5580000,0x00000000d5800000,0x00000000d5800000)
  from space 512K, 73% used [0x00000000d5a00000,0x00000000d5a5d808,0x00000000d5a80000)
  to   space 512K, 0% used [0x00000000d5980000,0x00000000d5980000,0x00000000d5a00000)
 ParOldGen       total 324096K, used 324032K [0x0000000080000000, 0x0000000093c80000, 0x00000000d5580000)
  object space 324096K, 99% used [0x0000000080000000,0x0000000093c70220,0x0000000093c80000)
 Metaspace       used 66222K, committed 67840K, reserved 1114112K
  class space    used 6961K, committed 7680K, reserved 1048576K
}
Event: 17.855 GC heap after
{Heap after GC invocations=766 (full 3):
 PSYoungGen      total 3072K, used 448K [0x00000000d5580000, 0x00000000d5a80000, 0x0000000100000000)
  eden space 2560K, 0% used [0x00000000d5580000,0x00000000d5580000,0x00000000d5800000)
  from space 512K, 87% used [0x00000000d5980000,0x00000000d59f0000,0x00000000d5a00000)
  to   space 512K, 0% used [0x00000000d5a00000,0x00000000d5a00000,0x00000000d5a80000)
 ParOldGen       total 324608K, used 324366K [0x0000000080000000, 0x0000000093d00000, 0x00000000d5580000)
  object space 324608K, 99% used [0x0000000080000000,0x0000000093cc3a28,0x0000000093d00000)
 Metaspace       used 66222K, committed 67840K, reserved 1114112K
  class space    used 6961K, committed 7680K, reserved 1048576K
}

