# JRE version: OpenJDK Runtime Environment Temurin-21.0.10+7 (21.0.10+7) (build 21.0.10+7-LTS)
# Java VM: OpenJDK 64-Bit Server VM Temurin-21.0.10+7 (21.0.10+7-LTS, mixed mode, sharing, tiered, compressed oops, compressed class ptrs, parallel gc, windows-amd64)
GC Precious Log:
 CardTable entry size: 512
 CPUs: 8 total, 8 available
 Memory: 3822M
 Large Page Support: Disabled
 NUMA Support: Disabled
 Compressed Oops: Enabled (32-bit)
 Alignments: Space 512K, Generation 512K, Heap 2M
 Heap Min Capacity: 100M
 Heap Initial Capacity: 100M
 Heap Max Capacity: 2G
 Pre-touch: Disabled
 Parallel Workers: 8
Heap:
 PSYoungGen      total 12288K, used 11787K [0x00000000d5580000, 0x00000000d6280000, 0x0000000100000000)
  eden space 11264K, 100% used [0x00000000d5580000,0x00000000d6080000,0x00000000d6080000)
  from space 1024K, 51% used [0x00000000d6180000,0x00000000d6202c68,0x00000000d6280000)
  to   space 1024K, 56% used [0x00000000d6080000,0x00000000d6110000,0x00000000d6180000)
 ParOldGen       total 323584K, used 323182K [0x0000000080000000, 0x0000000093c00000, 0x00000000d5580000)
  object space 323584K, 99% used [0x0000000080000000,0x0000000093b9b9d0,0x0000000093c00000)
 Metaspace       used 68845K, committed 70400K, reserved 1114112K
  class space    used 7152K, committed 7808K, reserved 1048576K
GC Heap History (20 events):
Event: 19.112 GC heap before
{Heap before GC invocations=738 (full 3):
 PSYoungGen      total 9728K, used 9696K [0x00000000d5580000, 0x00000000d6000000, 0x0000000100000000)
  eden space 9216K, 100% used [0x00000000d5580000,0x00000000d5e80000,0x00000000d5e80000)
  from space 512K, 93% used [0x00000000d5f80000,0x00000000d5ff8000,0x00000000d6000000)
  to   space 512K, 0% used [0x00000000d5f00000,0x00000000d5f00000,0x00000000d5f80000)
 ParOldGen       total 316928K, used 316916K [0x0000000080000000, 0x0000000093580000, 0x00000000d5580000)
  object space 316928K, 99% used [0x0000000080000000,0x000000009357d3b0,0x0000000093580000)
 Metaspace       used 68834K, committed 70336K, reserved 1114112K
  class space    used 7152K, committed 7808K, reserved 1048576K
}
Event: 19.114 GC heap after
{Heap after GC invocations=738 (full 3):
 PSYoungGen      total 10240K, used 512K [0x00000000d5580000, 0x00000000d6280000, 0x0000000100000000)
  eden space 9728K, 0% used [0x00000000d5580000,0x00000000d5580000,0x00000000d5f00000)
  from space 512K, 100% used [0x00000000d5f00000,0x00000000d5f80000,0x00000000d5f80000)
  to   space 1024K, 0% used [0x00000000d6180000,0x00000000d6180000,0x00000000d6280000)
 ParOldGen       total 317440K, used 317284K [0x0000000080000000, 0x0000000093600000, 0x00000000d5580000)
  object space 317440K, 99% used [0x0000000080000000,0x00000000935d9378,0x0000000093600000)
 Metaspace       used 68834K, committed 70336K, reserved 1114112K
  class space    used 7152K, committed 7808K, reserved 1048576K
}
Event: 19.120 GC heap before
{Heap before GC invocations=739 (full 3):
 PSYoungGen      total 10240K, used 10240K [0x00000000d5580000, 0x00000000d6280000, 0x0000000100000000)
  eden space 9728K, 100% used [0x00000000d5580000,0x00000000d5f00000,0x00000000d5f00000)
  from space 512K, 100% used [0x00000000d5f00000,0x00000000d5f80000,0x00000000d5f80000)
  to   space 1024K, 0% used [0x00000000d6180000,0x00000000d6180000,0x00000000d6280000)
 ParOldGen       total 317440K, used 317284K [0x0000000080000000, 0x0000000093600000, 0x00000000d5580000)
  object space 317440K, 99% used [0x0000000080000000,0x00000000935d9378,0x0000000093600000)
 Metaspace       used 68836K, committed 70336K, reserved 1114112K
  class space    used 7152K, committed 7808K, reserved 1048576K
}
Event: 19.124 GC heap after
{Heap after GC invocations=739 (full 3):
 PSYoungGen      total 12288K, used 664K [0x00000000d5580000, 0x00000000d6300000, 0x0000000100000000)
  eden space 11264K, 0% used [0x00000000d5580000,0x00000000d5580000,0x00000000d6080000)
  from space 1024K, 64% used [0x00000000d6180000,0x00000000d6226178,0x00000000d6280000)
  to   space 1024K, 0% used [0x00000000d6080000,0x00000000d6080000,0x00000000d6180000)
 ParOldGen       total 317952K, used 317667K [0x0000000080000000, 0x0000000093680000, 0x00000000d5580000)
  object space 317952K, 99% used [0x0000000080000000,0x0000000093638d08,0x0000000093680000)
 Metaspace       used 68836K, committed 70336K, reserved 1114112K
  class space    used 7152K, committed 7808K, reserved 1048576K
}
Event: 19.131 GC heap before
{Heap before GC invocations=740 (full 3):
 PSYoungGen      total 12288K, used 11928K [0x00000000d5580000, 0x00000000d6300000, 0x0000000100000000)
  eden space 11264K, 100% used [0x00000000d5580000,0x00000000d6080000,0x00000000d6080000)
  from space 1024K, 64% used [0x00000000d6180000,0x00000000d6226178,0x00000000d6280000)
  to   space 1024K, 0% used [0x00000000d6080000,0x00000000d6080000,0x00000000d6180000)
 ParOldGen       total 317952K, used 317667K [0x0000000080000000, 0x0000000093680000, 0x00000000d5580000)
  object space 317952K, 99% used [0x0000000080000000,0x0000000093638d08,0x0000000093680000)
 Metaspace       used 68836K, committed 70336K, reserved 1114112K
  class space    used 7152K, committed 7808K, reserved 1048576K
}
Event: 19.133 GC heap after
{Heap after GC invocations=740 (full 3):
 PSYoungGen      total 12288K, used 496K [0x00000000d5580000, 0x00000000d6300000, 0x0000000100000000)
  eden space 11264K, 0% used [0x00000000d5580000,0x00000000d5580000,0x00000000d6080000)
  from space 1024K, 48% used [0x00000000d6080000,0x00000000d60fc010,0x00000000d6180000)
  to   space 1024K, 0% used [0x00000000d6180000,0x00000000d6180000,0x00000000d6280000)
 ParOldGen       total 318464K, used 318190K [0x0000000080000000, 0x0000000093700000, 0x00000000d5580000)
  object space 318464K, 99% used [0x0000000080000000,0x00000000936bbb48,0x0000000093700000)
 Metaspace       used 68836K, committed 70336K, reserved 1114112K
  class space    used 7152K, committed 7808K, reserved 1048576K
}
Event: 19.143 GC heap before
{Heap before GC invocations=741 (full 3):
 PSYoungGen      total 12288K, used 11760K [0x00000000d5580000, 0x00000000d6300000, 0x0000000100000000)
  eden space 11264K, 100% used [0x00000000d5580000,0x00000000d6080000,0x00000000d6080000)
  from space 1024K, 48% used [0x00000000d6080000,0x00000000d60fc010,0x00000000d6180000)
  to   space 1024K, 0% used [0x00000000d6180000,0x00000000d6180000,0x00000000d6280000)
 ParOldGen       total 318464K, used 318190K [0x0000000080000000, 0x0000000093700000, 0x00000000d5580000)
  object space 318464K, 99% used [0x0000000080000000,0x00000000936bbb48,0x0000000093700000)
 Metaspace       used 68843K, committed 70400K, reserved 1114112K
  class space    used 7152K, committed 7808K, reserved 1048576K
}
Event: 19.146 GC heap after
{Heap after GC invocations=741 (full 3):
 PSYoungGen      total 12288K, used 597K [0x00000000d5580000, 0x00000000d6300000, 0x0000000100000000)
  eden space 11264K, 0% used [0x00000000d5580000,0x00000000d5580000,0x00000000d6080000)
  from space 1024K, 58% used [0x00000000d6180000,0x00000000d6215470,0x00000000d6280000)
  to   space 1024K, 0% used [0x00000000d6080000,0x00000000d6080000,0x00000000d6180000)
 ParOldGen       total 318976K, used 318574K [0x0000000080000000, 0x0000000093780000, 0x00000000d5580000)
  object space 318976K, 99% used [0x0000000080000000,0x000000009371bb48,0x0000000093780000)
 Metaspace       used 68843K, committed 70400K, reserved 1114112K
  class space    used 7152K, committed 7808K, reserved 1048576K
}
Event: 19.158 GC heap before
{Heap before GC invocations=742 (full 3):
 PSYoungGen      total 12288K, used 11861K [0x00000000d5580000, 0x00000000d6300000, 0x0000000100000000)
  eden space 11264K, 100% used [0x00000000d5580000,0x00000000d6080000,0x00000000d6080000)
  from space 1024K, 58% used [0x00000000d6180000,0x00000000d6215470,0x00000000d6280000)
  to   space 1024K, 0% used [0x00000000d6080000,0x00000000d6080000,0x00000000d6180000)
 ParOldGen       total 318976K, used 318574K [0x0000000080000000, 0x0000000093780000, 0x00000000d5580000)
  object space 318976K, 99% used [0x0000000080000000,0x000000009371bb48,0x0000000093780000)
 Metaspace       used 68843K, committed 70400K, reserved 1114112K
  class space    used 7152K, committed 7808K, reserved 1048576K
}
Event: 19.160 GC heap after
{Heap after GC invocations=742 (full 3):
 PSYoungGen      total 12288K, used 512K [0x00000000d5580000, 0x00000000d6300000, 0x0000000100000000)
  eden space 11264K, 0% used [0x00000000d5580000,0x00000000d5580000,0x00000000d6080000)
  from space 1024K, 50% used [0x00000000d6080000,0x00000000d6100000,0x00000000d6180000)
  to   space 1024K, 0% used [0x00000000d6180000,0x00000000d6180000,0x00000000d6280000)
 ParOldGen       total 318976K, used 318952K [0x0000000080000000, 0x0000000093780000, 0x00000000d5580000)
  object space 318976K, 99% used [0x0000000080000000,0x000000009377a078,0x0000000093780000)
 Metaspace       used 68843K, committed 70400K, reserved 1114112K
  class space    used 7152K, committed 7808K, reserved 1048576K
}
Event: 19.166 GC heap before
{Heap before GC invocations=743 (full 3):
 PSYoungGen      total 12288K, used 11776K [0x00000000d5580000, 0x00000000d6300000, 0x0000000100000000)
  eden space 11264K, 100% used [0x00000000d5580000,0x00000000d6080000,0x00000000d6080000)
  from space 1024K, 50% used [0x00000000d6080000,0x00000000d6100000,0x00000000d6180000)
  to   space 1024K, 0% used [0x00000000d6180000,0x00000000d6180000,0x00000000d6280000)
 ParOldGen       total 318976K, used 318952K [0x0000000080000000, 0x0000000093780000, 0x00000000d5580000)
  object space 318976K, 99% used [0x0000000080000000,0x000000009377a078,0x0000000093780000)
 Metaspace       used 68843K, committed 70400K, reserved 1114112K
  class space    used 7152K, committed 7808K, reserved 1048576K
}
Event: 19.168 GC heap after
{Heap after GC invocations=743 (full 3):
 PSYoungGen      total 12288K, used 512K [0x00000000d5580000, 0x00000000d6300000, 0x0000000100000000)
  eden space 11264K, 0% used [0x00000000d5580000,0x00000000d5580000,0x00000000d6080000)
  from space 1024K, 50% used [0x00000000d6180000,0x00000000d6200000,0x00000000d6280000)
  to   space 1024K, 0% used [0x00000000d6080000,0x00000000d6080000,0x00000000d6180000)
 ParOldGen       total 319488K, used 319376K [0x0000000080000000, 0x0000000093800000, 0x00000000d5580000)
  object space 319488K, 99% used [0x0000000080000000,0x00000000937e4078,0x0000000093800000)
 Metaspace       used 68843K, committed 70400K, reserved 1114112K
  class space    used 7152K, committed 7808K, reserved 1048576K
}
Event: 19.179 GC heap before
{Heap before GC invocations=744 (full 3):
 PSYoungGen      total 12288K, used 11776K [0x00000000d5580000, 0x00000000d6300000, 0x0000000100000000)
  eden space 11264K, 100% used [0x00000000d5580000,0x00000000d6080000,0x00000000d6080000)
  from space 1024K, 50% used [0x00000000d6180000,0x00000000d6200000,0x00000000d6280000)
  to   space 1024K, 0% used [0x00000000d6080000,0x00000000d6080000,0x00000000d6180000)
 ParOldGen       total 319488K, used 319376K [0x0000000080000000, 0x0000000093800000, 0x00000000d5580000)
  object space 319488K, 99% used [0x0000000080000000,0x00000000937e4078,0x0000000093800000)
 Metaspace       used 68843K, committed 70400K, reserved 1114112K
  class space    used 7152K, committed 7808K, reserved 1048576K
}
Event: 19.181 GC heap after
{Heap after GC invocations=744 (full 3):
 PSYoungGen      total 12288K, used 880K [0x00000000d5580000, 0x00000000d6280000, 0x0000000100000000)
  eden space 11264K, 0% used [0x00000000d5580000,0x00000000d5580000,0x00000000d6080000)
  from space 1024K, 86% used [0x00000000d6080000,0x00000000d615c310,0x00000000d6180000)
  to   space 1024K, 0% used [0x00000000d6180000,0x00000000d6180000,0x00000000d6280000)
 ParOldGen       total 320000K, used 319776K [0x0000000080000000, 0x0000000093880000, 0x00000000d5580000)
  object space 320000K, 99% used [0x0000000080000000,0x0000000093848078,0x0000000093880000)
 Metaspace       used 68843K, committed 70400K, reserved 1114112K
  class space    used 7152K, committed 7808K, reserved 1048576K
}
Event: 19.192 GC heap before
{Heap before GC invocations=745 (full 3):
 PSYoungGen      total 12288K, used 12144K [0x00000000d5580000, 0x00000000d6280000, 0x0000000100000000)
  eden space 11264K, 100% used [0x00000000d5580000,0x00000000d6080000,0x00000000d6080000)
  from space 1024K, 86% used [0x00000000d6080000,0x00000000d615c310,0x00000000d6180000)
  to   space 1024K, 0% used [0x00000000d6180000,0x00000000d6180000,0x00000000d6280000)
 ParOldGen       total 320000K, used 319776K [0x0000000080000000, 0x0000000093880000, 0x00000000d5580000)
  object space 320000K, 99% used [0x0000000080000000,0x0000000093848078,0x0000000093880000)
 Metaspace       used 68844K, committed 70400K, reserved 1114112K
  class space    used 7152K, committed 7808K, reserved 1048576K
}
Event: 19.194 GC heap after
{Heap after GC invocations=745 (full 3):
 PSYoungGen      total 12288K, used 529K [0x00000000d5580000, 0x00000000d6280000, 0x0000000100000000)
  eden space 11264K, 0% used [0x00000000d5580000,0x00000000d5580000,0x00000000d6080000)
  from space 1024K, 51% used [0x00000000d6180000,0x00000000d6204778,0x00000000d6280000)
  to   space 1024K, 0% used [0x00000000d6080000,0x00000000d6080000,0x00000000d6180000)
 ParOldGen       total 320512K, used 320342K [0x0000000080000000, 0x0000000093900000, 0x00000000d5580000)
  object space 320512K, 99% used [0x0000000080000000,0x00000000938d5a08,0x0000000093900000)
 Metaspace       used 68844K, committed 70400K, reserved 1114112K
  class space    used 7152K, committed 7808K, reserved 1048576K
}
Event: 19.208 GC heap before
{Heap before GC invocations=746 (full 3):
 PSYoungGen      total 12288K, used 11793K [0x00000000d5580000, 0x00000000d6280000, 0x0000000100000000)
  eden space 11264K, 99% used [0x00000000d5580000,0x00000000d607ffb0,0x00000000d6080000)
  from space 1024K, 51% used [0x00000000d6180000,0x00000000d6204778,0x00000000d6280000)
  to   space 1024K, 0% used [0x00000000d6080000,0x00000000d6080000,0x00000000d6180000)
 ParOldGen       total 320512K, used 320342K [0x0000000080000000, 0x0000000093900000, 0x00000000d5580000)
  object space 320512K, 99% used [0x0000000080000000,0x00000000938d5a08,0x0000000093900000)
 Metaspace       used 68844K, committed 70400K, reserved 1114112K
  class space    used 7152K, committed 7808K, reserved 1048576K
}
Event: 19.210 GC heap after
{Heap after GC invocations=746 (full 3):
 PSYoungGen      total 12288K, used 752K [0x00000000d5580000, 0x00000000d6280000, 0x0000000100000000)
  eden space 11264K, 0% used [0x00000000d5580000,0x00000000d5580000,0x00000000d6080000)
  from space 1024K, 73% used [0x00000000d6080000,0x00000000d613c018,0x00000000d6180000)
  to   space 1024K, 0% used [0x00000000d6180000,0x00000000d6180000,0x00000000d6280000)
 ParOldGen       total 321024K, used 320739K [0x0000000080000000, 0x0000000093980000, 0x00000000d5580000)
  object space 321024K, 99% used [0x0000000080000000,0x0000000093938d88,0x0000000093980000)
 Metaspace       used 68844K, committed 70400K, reserved 1114112K
  class space    used 7152K, committed 7808K, reserved 1048576K
}
Event: 19.217 GC heap before
{Heap before GC invocations=747 (full 3):
 PSYoungGen      total 12288K, used 12016K [0x00000000d5580000, 0x00000000d6280000, 0x0000000100000000)
  eden space 11264K, 100% used [0x00000000d5580000,0x00000000d6080000,0x00000000d6080000)
  from space 1024K, 73% used [0x00000000d6080000,0x00000000d613c018,0x00000000d6180000)
  to   space 1024K, 0% used [0x00000000d6180000,0x00000000d6180000,0x00000000d6280000)
 ParOldGen       total 321024K, used 320739K [0x0000000080000000, 0x0000000093980000, 0x00000000d5580000)
  object space 321024K, 99% used [0x0000000080000000,0x0000000093938d88,0x0000000093980000)
 Metaspace       used 68844K, committed 70400K, reserved 1114112K
  class space    used 7152K, committed 7808K, reserved 1048576K
}
Event: 19.219 GC heap after
{Heap after GC invocations=747 (full 3):
 PSYoungGen      total 12288K, used 573K [0x00000000d5580000, 0x00000000d6280000, 0x0000000100000000)
  eden space 11264K, 0% used [0x00000000d5580000,0x00000000d5580000,0x00000000d6080000)
  from space 1024K, 56% used [0x00000000d6180000,0x00000000d620f788,0x00000000d6280000)
  to   space 1024K, 0% used [0x00000000d6080000,0x00000000d6080000,0x00000000d6180000)
 ParOldGen       total 321536K, used 321282K [0x0000000080000000, 0x0000000093a00000, 0x00000000d5580000)
  object space 321536K, 99% used [0x0000000080000000,0x00000000939c0b90,0x0000000093a00000)
 Metaspace       used 68844K, committed 70400K, reserved 1114112K
  class space    used 7152K, committed 7808K, reserved 1048576K
}

