# JRE version: OpenJDK Runtime Environment Temurin-21.0.10+7 (21.0.10+7) (build 21.0.10+7-LTS)
# Java VM: OpenJDK 64-Bit Server VM Temurin-21.0.10+7 (21.0.10+7-LTS, mixed mode, sharing, tiered, compressed oops, compressed class ptrs, parallel gc, windows-amd64)
GC Precious Log:
 CardTable entry size: 512
 CPUs: 8 total, 8 available
 Memory: 3822M
 Large Page Support: Disabled
 NUMA Support: Disabled
 Compressed Oops: Enabled (32-bit)
 Alignments: Space 512K, Generation 512K, Heap 2M
 Heap Min Capacity: 100M
 Heap Initial Capacity: 100M
 Heap Max Capacity: 2G
 Pre-touch: Disabled
 Parallel Workers: 8
Heap:
 PSYoungGen      total 5120K, used 4640K [0x00000000d5580000, 0x00000000d5c00000, 0x0000000100000000)
  eden space 4096K, 100% used [0x00000000d5580000,0x00000000d5980000,0x00000000d5980000)
  from space 1024K, 53% used [0x00000000d5b00000,0x00000000d5b88000,0x00000000d5c00000)
  to   space 1024K, 0% used [0x00000000d5a00000,0x00000000d5a00000,0x00000000d5b00000)
 ParOldGen       total 357376K, used 356907K [0x0000000080000000, 0x0000000095d00000, 0x00000000d5580000)
  object space 357376K, 99% used [0x0000000080000000,0x0000000095c8ae08,0x0000000095d00000)
 Metaspace       used 74940K, committed 76736K, reserved 1179648K
  class space    used 7834K, committed 8640K, reserved 1048576K
GC Heap History (20 events):
Event: 80.226 GC heap before
{Heap before GC invocations=466 (full 3):
 PSYoungGen      total 4608K, used 4597K [0x00000000d5580000, 0x00000000d5c80000, 0x0000000100000000)
  eden space 4096K, 100% used [0x00000000d5580000,0x00000000d5980000,0x00000000d5980000)
  from space 512K, 97% used [0x00000000d5c00000,0x00000000d5c7d400,0x00000000d5c80000)
  to   space 1536K, 0% used [0x00000000d5980000,0x00000000d5980000,0x00000000d5b00000)
 ParOldGen       total 349696K, used 349189K [0x0000000080000000, 0x0000000095580000, 0x00000000d5580000)
  object space 349696K, 99% used [0x0000000080000000,0x0000000095501528,0x0000000095580000)
 Metaspace       used 74856K, committed 76672K, reserved 1179648K
  class space    used 7831K, committed 8640K, reserved 1048576K
}
Event: 80.227 GC heap after
{Heap after GC invocations=466 (full 3):
 PSYoungGen      total 5632K, used 378K [0x00000000d5580000, 0x00000000d5c80000, 0x0000000100000000)
  eden space 4096K, 0% used [0x00000000d5580000,0x00000000d5580000,0x00000000d5980000)
  from space 1536K, 24% used [0x00000000d5980000,0x00000000d59de900,0x00000000d5b00000)
  to   space 1024K, 0% used [0x00000000d5b80000,0x00000000d5b80000,0x00000000d5c80000)
 ParOldGen       total 349696K, used 349617K [0x0000000080000000, 0x0000000095580000, 0x00000000d5580000)
  object space 349696K, 99% used [0x0000000080000000,0x000000009556c530,0x0000000095580000)
 Metaspace       used 74856K, committed 76672K, reserved 1179648K
  class space    used 7831K, committed 8640K, reserved 1048576K
}
Event: 80.238 GC heap before
{Heap before GC invocations=467 (full 3):
 PSYoungGen      total 5632K, used 4474K [0x00000000d5580000, 0x00000000d5c80000, 0x0000000100000000)
  eden space 4096K, 100% used [0x00000000d5580000,0x00000000d5980000,0x00000000d5980000)
  from space 1536K, 24% used [0x00000000d5980000,0x00000000d59de900,0x00000000d5b00000)
  to   space 1024K, 0% used [0x00000000d5b80000,0x00000000d5b80000,0x00000000d5c80000)
 ParOldGen       total 349696K, used 349617K [0x0000000080000000, 0x0000000095580000, 0x00000000d5580000)
  object space 349696K, 99% used [0x0000000080000000,0x000000009556c530,0x0000000095580000)
 Metaspace       used 74857K, committed 76672K, reserved 1179648K
  class space    used 7831K, committed 8640K, reserved 1048576K
}
Event: 80.239 GC heap after
{Heap after GC invocations=467 (full 3):
 PSYoungGen      total 5120K, used 576K [0x00000000d5580000, 0x00000000d5c80000, 0x0000000100000000)
  eden space 4096K, 0% used [0x00000000d5580000,0x00000000d5580000,0x00000000d5980000)
  from space 1024K, 56% used [0x00000000d5b80000,0x00000000d5c10000,0x00000000d5c80000)
  to   space 1024K, 0% used [0x00000000d5a80000,0x00000000d5a80000,0x00000000d5b80000)
 ParOldGen       total 350208K, used 349925K [0x0000000080000000, 0x0000000095600000, 0x00000000d5580000)
  object space 350208K, 99% used [0x0000000080000000,0x00000000955b9730,0x0000000095600000)
 Metaspace       used 74857K, committed 76672K, reserved 1179648K
  class space    used 7831K, committed 8640K, reserved 1048576K
}
Event: 80.241 GC heap before
{Heap before GC invocations=468 (full 3):
 PSYoungGen      total 5120K, used 4672K [0x00000000d5580000, 0x00000000d5c80000, 0x0000000100000000)
  eden space 4096K, 100% used [0x00000000d5580000,0x00000000d5980000,0x00000000d5980000)
  from space 1024K, 56% used [0x00000000d5b80000,0x00000000d5c10000,0x00000000d5c80000)
  to   space 1024K, 0% used [0x00000000d5a80000,0x00000000d5a80000,0x00000000d5b80000)
 ParOldGen       total 350208K, used 349925K [0x0000000080000000, 0x0000000095600000, 0x00000000d5580000)
  object space 350208K, 99% used [0x0000000080000000,0x00000000955b9730,0x0000000095600000)
 Metaspace       used 74857K, committed 76672K, reserved 1179648K
  class space    used 7831K, committed 8640K, reserved 1048576K
}
Event: 80.243 GC heap after
{Heap after GC invocations=468 (full 3):
 PSYoungGen      total 6144K, used 1004K [0x00000000d5580000, 0x00000000d5f80000, 0x0000000100000000)
  eden space 5120K, 0% used [0x00000000d5580000,0x00000000d5580000,0x00000000d5a80000)
  from space 1024K, 98% used [0x00000000d5a80000,0x00000000d5b7b090,0x00000000d5b80000)
  to   space 2560K, 0% used [0x00000000d5d00000,0x00000000d5d00000,0x00000000d5f80000)
 ParOldGen       total 351232K, used 350973K [0x0000000080000000, 0x0000000095700000, 0x00000000d5580000)
  object space 351232K, 99% used [0x0000000080000000,0x00000000956bf730,0x0000000095700000)
 Metaspace       used 74857K, committed 76672K, reserved 1179648K
  class space    used 7831K, committed 8640K, reserved 1048576K
}
Event: 80.249 GC heap before
{Heap before GC invocations=469 (full 3):
 PSYoungGen      total 6144K, used 6124K [0x00000000d5580000, 0x00000000d5f80000, 0x0000000100000000)
  eden space 5120K, 99% used [0x00000000d5580000,0x00000000d5a7ffc8,0x00000000d5a80000)
  from space 1024K, 98% used [0x00000000d5a80000,0x00000000d5b7b090,0x00000000d5b80000)
  to   space 2560K, 0% used [0x00000000d5d00000,0x00000000d5d00000,0x00000000d5f80000)
 ParOldGen       total 351232K, used 350973K [0x0000000080000000, 0x0000000095700000, 0x00000000d5580000)
  object space 351232K, 99% used [0x0000000080000000,0x00000000956bf730,0x0000000095700000)
 Metaspace       used 74857K, committed 76672K, reserved 1179648K
  class space    used 7831K, committed 8640K, reserved 1048576K
}
Event: 80.253 GC heap after
{Heap after GC invocations=469 (full 3):
 PSYoungGen      total 5120K, used 2560K [0x00000000d5580000, 0x00000000d6580000, 0x0000000100000000)
  eden space 2560K, 0% used [0x00000000d5580000,0x00000000d5580000,0x00000000d5800000)
  from space 2560K, 100% used [0x00000000d5d00000,0x00000000d5f80000,0x00000000d5f80000)
  to   space 5120K, 0% used [0x00000000d5800000,0x00000000d5800000,0x00000000d5d00000)
 ParOldGen       total 352768K, used 352609K [0x0000000080000000, 0x0000000095880000, 0x00000000d5580000)
  object space 352768K, 99% used [0x0000000080000000,0x00000000958587c0,0x0000000095880000)
 Metaspace       used 74857K, committed 76672K, reserved 1179648K
  class space    used 7831K, committed 8640K, reserved 1048576K
}
Event: 80.257 GC heap before
{Heap before GC invocations=470 (full 3):
 PSYoungGen      total 5120K, used 5120K [0x00000000d5580000, 0x00000000d6580000, 0x0000000100000000)
  eden space 2560K, 100% used [0x00000000d5580000,0x00000000d5800000,0x00000000d5800000)
  from space 2560K, 100% used [0x00000000d5d00000,0x00000000d5f80000,0x00000000d5f80000)
  to   space 5120K, 0% used [0x00000000d5800000,0x00000000d5800000,0x00000000d5d00000)
 ParOldGen       total 352768K, used 352609K [0x0000000080000000, 0x0000000095880000, 0x00000000d5580000)
  object space 352768K, 99% used [0x0000000080000000,0x00000000958587c0,0x0000000095880000)
 Metaspace       used 74857K, committed 76672K, reserved 1179648K
  class space    used 7831K, committed 8640K, reserved 1048576K
}
Event: 80.260 GC heap after
{Heap after GC invocations=470 (full 3):
 PSYoungGen      total 3584K, used 532K [0x00000000d5580000, 0x00000000d5d80000, 0x0000000100000000)
  eden space 2560K, 0% used [0x00000000d5580000,0x00000000d5580000,0x00000000d5800000)
  from space 1024K, 51% used [0x00000000d5800000,0x00000000d5885010,0x00000000d5900000)
  to   space 2048K, 0% used [0x00000000d5b80000,0x00000000d5b80000,0x00000000d5d80000)
 ParOldGen       total 355328K, used 355177K [0x0000000080000000, 0x0000000095b00000, 0x00000000d5580000)
  object space 355328K, 99% used [0x0000000080000000,0x0000000095ada7c0,0x0000000095b00000)
 Metaspace       used 74857K, committed 76672K, reserved 1179648K
  class space    used 7831K, committed 8640K, reserved 1048576K
}
Event: 80.264 GC heap before
{Heap before GC invocations=471 (full 3):
 PSYoungGen      total 3584K, used 3092K [0x00000000d5580000, 0x00000000d5d80000, 0x0000000100000000)
  eden space 2560K, 100% used [0x00000000d5580000,0x00000000d5800000,0x00000000d5800000)
  from space 1024K, 51% used [0x00000000d5800000,0x00000000d5885010,0x00000000d5900000)
  to   space 2048K, 0% used [0x00000000d5b80000,0x00000000d5b80000,0x00000000d5d80000)
 ParOldGen       total 355328K, used 355177K [0x0000000080000000, 0x0000000095b00000, 0x00000000d5580000)
  object space 355328K, 99% used [0x0000000080000000,0x0000000095ada7c0,0x0000000095b00000)
 Metaspace       used 74857K, committed 76672K, reserved 1179648K
  class space    used 7831K, committed 8640K, reserved 1048576K
}
Event: 80.266 GC heap after
{Heap after GC invocations=471 (full 3):
 PSYoungGen      total 3584K, used 394K [0x00000000d5580000, 0x00000000d5c00000, 0x0000000100000000)
  eden space 3072K, 0% used [0x00000000d5580000,0x00000000d5580000,0x00000000d5880000)
  from space 512K, 76% used [0x00000000d5b80000,0x00000000d5be2800,0x00000000d5c00000)
  to   space 1024K, 0% used [0x00000000d5a00000,0x00000000d5a00000,0x00000000d5b00000)
 ParOldGen       total 355840K, used 355675K [0x0000000080000000, 0x0000000095b80000, 0x00000000d5580000)
  object space 355840K, 99% used [0x0000000080000000,0x0000000095b56fc8,0x0000000095b80000)
 Metaspace       used 74857K, committed 76672K, reserved 1179648K
  class space    used 7831K, committed 8640K, reserved 1048576K
}
Event: 81.076 GC heap before
{Heap before GC invocations=472 (full 3):
 PSYoungGen      total 3584K, used 3466K [0x00000000d5580000, 0x00000000d5c00000, 0x0000000100000000)
  eden space 3072K, 100% used [0x00000000d5580000,0x00000000d5880000,0x00000000d5880000)
  from space 512K, 76% used [0x00000000d5b80000,0x00000000d5be2800,0x00000000d5c00000)
  to   space 1024K, 0% used [0x00000000d5a00000,0x00000000d5a00000,0x00000000d5b00000)
 ParOldGen       total 355840K, used 355675K [0x0000000080000000, 0x0000000095b80000, 0x00000000d5580000)
  object space 355840K, 99% used [0x0000000080000000,0x0000000095b56fc8,0x0000000095b80000)
 Metaspace       used 74897K, committed 76736K, reserved 1179648K
  class space    used 7831K, committed 8640K, reserved 1048576K
}
Event: 81.078 GC heap after
{Heap after GC invocations=472 (full 3):
 PSYoungGen      total 5120K, used 224K [0x00000000d5580000, 0x00000000d5c00000, 0x0000000100000000)
  eden space 4096K, 0% used [0x00000000d5580000,0x00000000d5580000,0x00000000d5980000)
  from space 1024K, 21% used [0x00000000d5a00000,0x00000000d5a38000,0x00000000d5b00000)
  to   space 512K, 0% used [0x00000000d5b80000,0x00000000d5b80000,0x00000000d5c00000)
 ParOldGen       total 356352K, used 355997K [0x0000000080000000, 0x0000000095c00000, 0x00000000d5580000)
  object space 356352K, 99% used [0x0000000080000000,0x0000000095ba77c8,0x0000000095c00000)
 Metaspace       used 74897K, committed 76736K, reserved 1179648K
  class space    used 7831K, committed 8640K, reserved 1048576K
}
Event: 152.202 GC heap before
{Heap before GC invocations=473 (full 3):
 PSYoungGen      total 5120K, used 4320K [0x00000000d5580000, 0x00000000d5c00000, 0x0000000100000000)
  eden space 4096K, 100% used [0x00000000d5580000,0x00000000d5980000,0x00000000d5980000)
  from space 1024K, 21% used [0x00000000d5a00000,0x00000000d5a38000,0x00000000d5b00000)
  to   space 512K, 0% used [0x00000000d5b80000,0x00000000d5b80000,0x00000000d5c00000)
 ParOldGen       total 356352K, used 355997K [0x0000000080000000, 0x0000000095c00000, 0x00000000d5580000)
  object space 356352K, 99% used [0x0000000080000000,0x0000000095ba77c8,0x0000000095c00000)
 Metaspace       used 74938K, committed 76736K, reserved 1179648K
  class space    used 7834K, committed 8640K, reserved 1048576K
}
Event: 152.222 GC heap after
{Heap after GC invocations=473 (full 3):
 PSYoungGen      total 4608K, used 489K [0x00000000d5580000, 0x00000000d5c00000, 0x0000000100000000)
  eden space 4096K, 0% used [0x00000000d5580000,0x00000000d5580000,0x00000000d5980000)
  from space 512K, 95% used [0x00000000d5b80000,0x00000000d5bfa400,0x00000000d5c00000)
  to   space 1024K, 0% used [0x00000000d5a00000,0x00000000d5a00000,0x00000000d5b00000)
 ParOldGen       total 356352K, used 356093K [0x0000000080000000, 0x0000000095c00000, 0x00000000d5580000)
  object space 356352K, 99% used [0x0000000080000000,0x0000000095bbf7c8,0x0000000095c00000)
 Metaspace       used 74938K, committed 76736K, reserved 1179648K
  class space    used 7834K, committed 8640K, reserved 1048576K
}
Event: 152.278 GC heap before
{Heap before GC invocations=474 (full 3):
 PSYoungGen      total 4608K, used 4585K [0x00000000d5580000, 0x00000000d5c00000, 0x0000000100000000)
  eden space 4096K, 100% used [0x00000000d5580000,0x00000000d5980000,0x00000000d5980000)
  from space 512K, 95% used [0x00000000d5b80000,0x00000000d5bfa400,0x00000000d5c00000)
  to   space 1024K, 0% used [0x00000000d5a00000,0x00000000d5a00000,0x00000000d5b00000)
 ParOldGen       total 356352K, used 356093K [0x0000000080000000, 0x0000000095c00000, 0x00000000d5580000)
  object space 356352K, 99% used [0x0000000080000000,0x0000000095bbf7c8,0x0000000095c00000)
 Metaspace       used 74940K, committed 76736K, reserved 1179648K
  class space    used 7834K, committed 8640K, reserved 1048576K
}
Event: 152.282 GC heap after
{Heap after GC invocations=474 (full 3):
 PSYoungGen      total 5120K, used 532K [0x00000000d5580000, 0x00000000d5c00000, 0x0000000100000000)
  eden space 4096K, 0% used [0x00000000d5580000,0x00000000d5580000,0x00000000d5980000)
  from space 1024K, 52% used [0x00000000d5a00000,0x00000000d5a85220,0x00000000d5b00000)
  to   space 1024K, 0% used [0x00000000d5b00000,0x00000000d5b00000,0x00000000d5c00000)
 ParOldGen       total 356864K, used 356522K [0x0000000080000000, 0x0000000095c80000, 0x00000000d5580000)
  object space 356864K, 99% used [0x0000000080000000,0x0000000095c2abd8,0x0000000095c80000)
 Metaspace       used 74940K, committed 76736K, reserved 1179648K
  class space    used 7834K, committed 8640K, reserved 1048576K
}
Event: 152.319 GC heap before
{Heap before GC invocations=475 (full 3):
 PSYoungGen      total 5120K, used 4628K [0x00000000d5580000, 0x00000000d5c00000, 0x0000000100000000)
  eden space 4096K, 100% used [0x00000000d5580000,0x00000000d5980000,0x00000000d5980000)
  from space 1024K, 52% used [0x00000000d5a00000,0x00000000d5a85220,0x00000000d5b00000)
  to   space 1024K, 0% used [0x00000000d5b00000,0x00000000d5b00000,0x00000000d5c00000)
 ParOldGen       total 356864K, used 356522K [0x0000000080000000, 0x0000000095c80000, 0x00000000d5580000)
  object space 356864K, 99% used [0x0000000080000000,0x0000000095c2abd8,0x0000000095c80000)
 Metaspace       used 74940K, committed 76736K, reserved 1179648K
  class space    used 7834K, committed 8640K, reserved 1048576K
}
Event: 152.321 GC heap after
{Heap after GC invocations=475 (full 3):
 PSYoungGen      total 5120K, used 544K [0x00000000d5580000, 0x00000000d5c00000, 0x0000000100000000)
  eden space 4096K, 0% used [0x00000000d5580000,0x00000000d5580000,0x00000000d5980000)
  from space 1024K, 53% used [0x00000000d5b00000,0x00000000d5b88000,0x00000000d5c00000)
  to   space 1024K, 0% used [0x00000000d5a00000,0x00000000d5a00000,0x00000000d5b00000)
 ParOldGen       total 357376K, used 356907K [0x0000000080000000, 0x0000000095d00000, 0x00000000d5580000)
  object space 357376K, 99% used [0x0000000080000000,0x0000000095c8ae08,0x0000000095d00000)
 Metaspace       used 74940K, committed 76736K, reserved 1179648K
  class space    used 7834K, committed 8640K, reserved 1048576K
}

